Wed 03 May 2023 03:25:32 PM UTC: 
 tests:  0|5
total_score: 0/70
a738b4b
Wed 03 May 2023 11:01:07 PM UTC: 
 sudoku.c | 6 ++++++
 1 file changed, 6 insertions(+)
In file included from test.c:5:
sudoku.c: In function ‘get_adj_nodes’:
sudoku.c:57:13: error: unused variable ‘adj_n’ [-Werror=unused-variable]
   57 |       Node* adj_n = createNode();
      |             ^~~~~
cc1: all warnings being treated as errors
Compilation failed
9cb305c
Wed 03 May 2023 11:02:26 PM UTC: 
 sudoku.c | 1 +
 1 file changed, 1 insertion(+)
 tests:  0|5
total_score: 0/70
34ce51c
Wed 03 May 2023 11:03:46 PM UTC: 
 sudoku.c | 2 +-
 1 file changed, 1 insertion(+), 1 deletion(-)
 tests:  0|5
total_score: 0/70
e5a74b7
Wed 03 May 2023 11:14:59 PM UTC: 
 sudoku.c | 4 ++++
 1 file changed, 4 insertions(+)
 tests:  0|5
total_score: 0/70
e5a74b7
Wed 03 May 2023 11:15:35 PM UTC: 
 sudoku.c | 2 +-
 1 file changed, 1 insertion(+), 1 deletion(-)
 tests:  0|5
total_score: 0/70
dddcacb
Wed 03 May 2023 11:15:55 PM UTC: 
 sudoku.c | 2 +-
 1 file changed, 1 insertion(+), 1 deletion(-)
 tests:  0|5
total_score: 0/70
2fbeec8
Wed 03 May 2023 11:17:59 PM UTC: 
 sudoku.c | 4 +++-
 1 file changed, 3 insertions(+), 1 deletion(-)
 tests:  2|4
total_score: 15/70
94cbe10
Wed 03 May 2023 11:44:19 PM UTC: 
 sudoku.c | 16 ++++++++++++++++
 1 file changed, 16 insertions(+)
 tests:  2|4
total_score: 15/70
3ebec5a
Wed 03 May 2023 11:45:13 PM UTC: 
 sudoku.c | 5 ++++-
 1 file changed, 4 insertions(+), 1 deletion(-)
 tests:  2|4
total_score: 15/70
27f1e09
Wed 03 May 2023 11:46:17 PM UTC: 
 sudoku.c | 16 ++++++++++++++++
 1 file changed, 16 insertions(+)
 tests:  2|4
total_score: 15/70
2104aad
Wed 03 May 2023 11:57:33 PM UTC: 
 sudoku.c | 29 +++++++++++++++++++----------
 1 file changed, 19 insertions(+), 10 deletions(-)
In file included from test.c:5:
sudoku.c: In function ‘is_valid’:
sudoku.c:83:11: error: unused variable ‘b’ [-Werror=unused-variable]
   83 |       int b = 3*(k%3) + (p%3);
      |           ^
sudoku.c:82:11: error: unused variable ‘a’ [-Werror=unused-variable]
   82 |       int a = 3*(k/3) + (p/3);
      |           ^
sudoku.c:84:22: error: array subscript 9 is above array bounds of ‘int[9]’ [-Werror=array-bounds]
   84 |       if(n -> sudo[i][j] != 0 && marca[n -> sudo[i][j]] == 1){
      |          ~~~~~~~~~~~~^~~
sudoku.c:7:8: note: while referencing ‘sudo’
    7 |    int sudo[9][9];
      |        ^~~~
cc1: all warnings being treated as errors
Compilation failed
1872a4a
Wed 03 May 2023 11:58:01 PM UTC: 
 sudoku.c | 2 +-
 1 file changed, 1 insertion(+), 1 deletion(-)
In file included from test.c:5:
sudoku.c: In function ‘is_valid’:
sudoku.c:84:22: error: array subscript 9 is above array bounds of ‘int[9]’ [-Werror=array-bounds]
   84 |       if(n -> sudo[i][j] != 0 && marca[n -> sudo[i][j]] == 1){
      |          ~~~~~~~~~~~~^~~
sudoku.c:7:8: note: while referencing ‘sudo’
    7 |    int sudo[9][9];
      |        ^~~~
sudoku.c:87:22: error: array subscript 9 is above array bounds of ‘int[9][9]’ [-Werror=array-bounds]
   87 |       marca[n -> sudo[a][b]] = 1;
      |             ~~~~~~~~~^~~
sudoku.c:7:8: note: while referencing ‘sudo’
    7 |    int sudo[9][9];
      |        ^~~~
cc1: all warnings being treated as errors
Compilation failed
b88307a
Wed 03 May 2023 11:58:13 PM UTC: 
 sudoku.c | 6 +++---
 1 file changed, 3 insertions(+), 3 deletions(-)
In file included from test.c:5:
sudoku.c: In function ‘is_valid’:
sudoku.c:84:19: error: array subscript 9 is above array bounds of ‘int[9][9]’ [-Werror=array-bounds]
   84 |       if(n -> sudo[i][j] != 0 && marca[n -> sudo[i][j]] == 1){
      |          ~~~~~~~~~^~~
sudoku.c:7:8: note: while referencing ‘sudo’
    7 |    int sudo[9][9];
      |        ^~~~
cc1: all warnings being treated as errors
Compilation failed
7686903
Thu 04 May 2023 12:01:50 AM UTC: 
 sudoku.c | 12 ++++++------
 1 file changed, 6 insertions(+), 6 deletions(-)
 tests:  2|4
total_score: 15/70
e2350c3
Thu 04 May 2023 12:04:46 AM UTC: 
 sudoku.c | 4 ++--
 1 file changed, 2 insertions(+), 2 deletions(-)
 tests:  5|3
total_score: 35/70
2f7a2af
Thu 04 May 2023 12:05:34 AM UTC: 
 sudoku.c | 4 +++-
 1 file changed, 3 insertions(+), 1 deletion(-)
 tests:  5|3
total_score: 35/70
0deab55
Thu 04 May 2023 07:22:56 PM UTC: 
 sudoku.c | 2 ++
 1 file changed, 2 insertions(+)
 tests:  5|3
total_score: 35/70
bd2e74a
Thu 04 May 2023 07:23:21 PM UTC: 
 sudoku.c | 2 +-
 1 file changed, 1 insertion(+), 1 deletion(-)
 tests:  5|3
total_score: 35/70
9fbd2fd
Thu 04 May 2023 07:23:52 PM UTC: 
 sudoku.c | 2 +-
 1 file changed, 1 insertion(+), 1 deletion(-)
 tests:  3|4
total_score: 20/70
5683d4a
Thu 04 May 2023 07:24:07 PM UTC: 
 sudoku.c | 2 +-
 1 file changed, 1 insertion(+), 1 deletion(-)
 tests:  5|3
total_score: 35/70
1f7334c
Thu 04 May 2023 07:24:49 PM UTC: 
 sudoku.c | 2 +-
 1 file changed, 1 insertion(+), 1 deletion(-)
In file included from test.c:5:
sudoku.c: In function ‘get_adj_nodes’:
sudoku.c:104:11: error: ‘adj_n’ undeclared (first use in this function)
  104 |           adj_n = copy(n);
      |           ^~~~~
sudoku.c:104:11: note: each undeclared identifier is reported only once for each function it appears in
Compilation failed
df6cc23
Thu 04 May 2023 07:25:00 PM UTC: 
 sudoku.c | 2 +-
 1 file changed, 1 insertion(+), 1 deletion(-)
 tests:  5|3
total_score: 35/70
ff45652
Thu 04 May 2023 07:25:14 PM UTC: 
 sudoku.c | 4 ++--
 1 file changed, 2 insertions(+), 2 deletions(-)
 tests:  5|3
total_score: 35/70
732b25b
Thu 04 May 2023 07:26:56 PM UTC: 
 sudoku.c | 2 +-
 1 file changed, 1 insertion(+), 1 deletion(-)
 tests:  5|3
total_score: 35/70
21fcef2
Thu 04 May 2023 07:29:17 PM UTC: 
 sudoku.c | 6 +++---
 1 file changed, 3 insertions(+), 3 deletions(-)
 tests:  5|3
total_score: 35/70
4da68c8
Thu 04 May 2023 07:29:24 PM UTC: 
 sudoku.c | 2 +-
 1 file changed, 1 insertion(+), 1 deletion(-)
 tests:  3|4
total_score: 20/70
3c0032d
Thu 04 May 2023 07:29:32 PM UTC: 
 sudoku.c | 2 +-
 1 file changed, 1 insertion(+), 1 deletion(-)
 tests:  5|3
total_score: 35/70
56ac198
Thu 04 May 2023 07:42:08 PM UTC: 
 sudoku.c | 3 ++-
 1 file changed, 2 insertions(+), 1 deletion(-)
 tests:  6|2
total_score: 45/70
011ffe4
Thu 04 May 2023 07:46:48 PM UTC: 
 sudoku.c | 10 ++++++++++
 1 file changed, 10 insertions(+)
 tests:  6|2
total_score: 45/70
917418e
Thu 04 May 2023 07:48:11 PM UTC: 
 sudoku.c | 5 ++---
 1 file changed, 2 insertions(+), 3 deletions(-)
In file included from test.c:5:
sudoku.c: In function ‘is_final’:
sudoku.c:129:1: error: control reaches end of non-void function [-Werror=return-type]
  129 | }
      | ^
cc1: all warnings being treated as errors
Compilation failed
877ee0d
Thu 04 May 2023 07:48:25 PM UTC: 
 sudoku.c | 4 +---
 1 file changed, 1 insertion(+), 3 deletions(-)
 tests:  7|1
total_score: 55/70
2734172
Thu 04 May 2023 08:13:16 PM UTC: 
 sudoku.c | 4 +++-
 1 file changed, 3 insertions(+), 1 deletion(-)
In file included from test.c:5:
sudoku.c: In function ‘DFS’:
sudoku.c:130:10: error: unused variable ‘s’ [-Werror=unused-variable]
  130 |   Stack* s = createStack();
      |          ^
cc1: all warnings being treated as errors
Compilation failed
91aca15
Thu 04 May 2023 08:14:00 PM UTC: 
 sudoku.c | 1 +
 1 file changed, 1 insertion(+)
 tests:  7|1
total_score: 55/70
b768631
Thu 04 May 2023 08:17:36 PM UTC: 
 sudoku.c | 3 +++
 1 file changed, 3 insertions(+)
 tests:  7|1
total_score: 55/70
72b814f
Thu 04 May 2023 08:19:59 PM UTC: 
 sudoku.c | 4 ++++
 1 file changed, 4 insertions(+)
 tests:  7|1
total_score: 55/70
e863ef1
Thu 04 May 2023 08:22:16 PM UTC: 
 sudoku.c | 7 ++++++-
 1 file changed, 6 insertions(+), 1 deletion(-)
In file included from test.c:5:
sudoku.c: In function ‘DFS’:
sudoku.c:141:9: error: unused variable ‘adj’ [-Werror=unused-variable]
  141 |   List *adj = get_adj_nodes(a);
      |         ^~~
sudoku.c:141:15: error: ‘a’ may be used uninitialized in this function [-Werror=maybe-uninitialized]
  141 |   List *adj = get_adj_nodes(a);
      |               ^~~~~~~~~~~~~~~~
cc1: all warnings being treated as errors
Compilation failed
ddd96f8
Thu 04 May 2023 08:24:07 PM UTC: 
 sudoku.c | 2 +-
 1 file changed, 1 insertion(+), 1 deletion(-)
In file included from test.c:5:
sudoku.c: In function ‘DFS’:
sudoku.c:142:9: error: unused variable ‘node’ [-Werror=unused-variable]
  142 |   Node *node = first(adj);
      |         ^~~~
sudoku.c:141:15: error: ‘a’ may be used uninitialized in this function [-Werror=maybe-uninitialized]
  141 |   List *adj = get_adj_nodes(a);
      |               ^~~~~~~~~~~~~~~~
cc1: all warnings being treated as errors
Compilation failed
6ed84af
Thu 04 May 2023 08:25:16 PM UTC: 
 sudoku.c | 3 +--
 1 file changed, 1 insertion(+), 2 deletions(-)
In file included from test.c:5:
sudoku.c: In function ‘DFS’:
sudoku.c:140:29: error: ‘a’ undeclared (first use in this function)
  140 |   List *adj = get_adj_nodes(a);
      |                             ^
sudoku.c:140:29: note: each undeclared identifier is reported only once for each function it appears in
sudoku.c:141:9: error: unused variable ‘node’ [-Werror=unused-variable]
  141 |   Node *node = first(adj);
      |         ^~~~
cc1: all warnings being treated as errors
Compilation failed
16c6cfa
Thu 04 May 2023 08:25:32 PM UTC: 
 sudoku.c | 3 ++-
 1 file changed, 2 insertions(+), 1 deletion(-)
In file included from test.c:5:
sudoku.c: In function ‘DFS’:
sudoku.c:142:9: error: unused variable ‘node’ [-Werror=unused-variable]
  142 |   Node *node = first(adj);
      |         ^~~~
sudoku.c:141:15: error: ‘a’ may be used uninitialized in this function [-Werror=maybe-uninitialized]
  141 |   List *adj = get_adj_nodes(a);
      |               ^~~~~~~~~~~~~~~~
cc1: all warnings being treated as errors
Compilation failed
4a7a2bb
Thu 04 May 2023 08:26:55 PM UTC: 
 sudoku.c | 3 +++
 1 file changed, 3 insertions(+)
In file included from test.c:5:
sudoku.c: In function ‘DFS’:
sudoku.c:141:15: error: ‘a’ may be used uninitialized in this function [-Werror=maybe-uninitialized]
  141 |   List *adj = get_adj_nodes(a);
      |               ^~~~~~~~~~~~~~~~
cc1: all warnings being treated as errors
Compilation failed
058cbaf
Thu 04 May 2023 08:27:42 PM UTC: 
 sudoku.c | 1 +
 1 file changed, 1 insertion(+)
In file included from test.c:5:
sudoku.c: In function ‘DFS’:
sudoku.c:145:17: error: ‘Node’ has no member named ‘next’
  145 |     node = node -> next;
      |                 ^~
Compilation failed
469d380
Thu 04 May 2023 08:28:16 PM UTC: 
 sudoku.c | 2 +-
 1 file changed, 1 insertion(+), 1 deletion(-)
In file included from test.c:5:
sudoku.c: In function ‘DFS’:
sudoku.c:145:17: error: passing argument 1 of ‘next’ from incompatible pointer type [-Werror=incompatible-pointer-types]
  145 |     node = next(a);
      |                 ^
      |                 |
      |                 Node *
In file included from test.c:4:
list.h:17:18: note: expected ‘List *’ but argument is of type ‘Node *’
   17 | void* next(List* list);
      |            ~~~~~~^~~~
In file included from test.c:5:
sudoku.c:145:12: error: ‘a’ may be used uninitialized in this function [-Werror=maybe-uninitialized]
  145 |     node = next(a);
      |            ^~~~~~~
cc1: all warnings being treated as errors
Compilation failed
d91889f
Thu 04 May 2023 08:28:24 PM UTC: 
 sudoku.c | 2 +-
 1 file changed, 1 insertion(+), 1 deletion(-)
In file included from test.c:5:
sudoku.c: In function ‘DFS’:
sudoku.c:141:15: error: ‘a’ may be used uninitialized in this function [-Werror=maybe-uninitialized]
  141 |   List *adj = get_adj_nodes(a);
      |               ^~~~~~~~~~~~~~~~
cc1: all warnings being treated as errors
Compilation failed
330c3b9
Thu 04 May 2023 08:29:02 PM UTC: 
 sudoku.c | 3 ++-
 1 file changed, 2 insertions(+), 1 deletion(-)
 tests:  10|0
total_score: 70/70
25c3456
Thu 04 May 2023 08:29:24 PM UTC: 
 sudoku.c | 3 +--
 1 file changed, 1 insertion(+), 2 deletions(-)
 tests:  10|0
total_score: 70/70
c9ea6ab
Thu 04 May 2023 08:30:44 PM UTC: 
 sudoku.c | 1 +
 1 file changed, 1 insertion(+)
 tests:  10|0
total_score: 70/70
12b62e6
Thu 04 May 2023 08:30:52 PM UTC: 
 sudoku.c | 4 ++--
 1 file changed, 2 insertions(+), 2 deletions(-)
test.c:245:5: error: redefinition of ‘main’
  245 | int main( int argc, char *argv[] ) {
      |     ^~~~
In file included from test.c:5:
sudoku.c:153:5: note: previous definition of ‘main’ with type ‘int(int,  char **)’
  153 | int main( int argc, char *argv[] ){
      |     ^~~~
Compilation failed
68d827c
